This is XeTeX, Version 3.141592653-2.6-0.999997 (TeX Live 2025) (preloaded format=xelatex 2025.10.26)  28 OCT 2025 20:45
entering extended mode
 restricted \write18 enabled.
 %&-line parsing enabled.
**"Mitleid Nein danke"
(./Mitleid Nein danke.tex
LaTeX2e <2025-06-01> patch level 1
L3 programming layer <2025-10-09>
(/usr/local/texlive/2025/texmf-dist/tex/latex/koma-script/scrbook.cls
Document Class: scrbook 2025/09/09 v3.48 KOMA-Script document class (book)
(/usr/local/texlive/2025/texmf-dist/tex/latex/koma-script/scrkbase.sty
Package: scrkbase 2025/09/09 v3.48 KOMA-Script package (KOMA-Script-dependent b
asics and keyval usage)

(/usr/local/texlive/2025/texmf-dist/tex/latex/koma-script/scrbase.sty
Package: scrbase 2025/09/09 v3.48 KOMA-Script package (KOMA-Script-independent 
basics and keyval usage)

(/usr/local/texlive/2025/texmf-dist/tex/latex/koma-script/scrlfile.sty
Package: scrlfile 2025/09/09 v3.48 KOMA-Script package (file load hooks)

(/usr/local/texlive/2025/texmf-dist/tex/latex/koma-script/scrlfile-hook.sty
Package: scrlfile-hook 2025/09/09 v3.48 KOMA-Script package (using LaTeX hooks)


(/usr/local/texlive/2025/texmf-dist/tex/latex/koma-script/scrlogo.sty
Package: scrlogo 2025/09/09 v3.48 KOMA-Script package (logo)
)))
(/usr/local/texlive/2025/texmf-dist/tex/latex/graphics/keyval.sty
Package: keyval 2022/05/29 v1.15 key=value parser (DPC)
\KV@toks@=\toks17
)
Applying: [2021/05/01] Usage of raw or classic option list on input line 254.
Already applied: [0000/00/00] Usage of raw or classic option list on input line
 370.
))
(/usr/local/texlive/2025/texmf-dist/tex/latex/koma-script/tocbasic.sty
Package: tocbasic 2025/09/09 v3.48 KOMA-Script package (handling toc-files)
\scr@dte@tocline@numberwidth=\skip49
\scr@dte@tocline@numbox=\box53
)
Package tocbasic Info: omitting babel extension for `toc'
(tocbasic)             because of feature `nobabel' available
(tocbasic)             for `toc' on input line 143.
Class scrbook Info: File `size14.clo' used to setup font sizes on input line 27
10.

(/usr/local/texlive/2025/texmf-dist/tex/latex/extsizes/size14.clo
File: size14.clo 1999/11/11 v1.4a NON-Standard LaTeX file (size option)
)
(/usr/local/texlive/2025/texmf-dist/tex/latex/koma-script/typearea.sty
Package: typearea 2025/09/09 v3.48 KOMA-Script package (type area)
\ta@bcor=\skip50
\ta@div=\count271
Package typearea Info: You've used standard option `a4paper'.
(typearea)             This is correct!
(typearea)             Internally I'm using `paper=a4'.
(typearea)             If you'd like to set the option with \KOMAoptions,
(typearea)             you'd have to use `paper=a4' there
(typearea)             instead of `a4paper', too.
\ta@hblk=\skip51
\ta@vblk=\skip52
\ta@temp=\skip53
\footheight=\skip54


Package typearea Info: DIV calculation for classic typearea. on input line 1807
.

Package typearea Info: These are the values describing the layout:
(typearea)             DIV  = 16
(typearea)             BCOR = 0.0pt
(typearea)             \paperwidth      = 597.50793pt
(typearea)              \textwidth      = 485.47522pt
(typearea)              DIV departure   = 0%
(typearea)              \evensidemargin = 2.41849pt
(typearea)              \oddsidemargin  = -34.92575pt
(typearea)             \paperheight     = 845.04694pt
(typearea)              \textheight     = 643.0pt
(typearea)              \topmargin      = -19.45456pt
(typearea)              \headheight     = 21.25pt
(typearea)              \headsep        = 25.5pt
(typearea)              \topskip        = 14.0pt
(typearea)              \footskip       = 59.5pt
(typearea)              \baselineskip   = 17.0pt
(typearea)              on input line 1807.
)
\c@part=\count272
\c@chapter=\count273
\c@section=\count274
\c@subsection=\count275
\c@subsubsection=\count276
\c@paragraph=\count277
\c@subparagraph=\count278
\scr@dte@chapter@maxnumwidth=\skip55
Class scrbook Info: using compatibility default `afterindent=bysign'
(scrbook)           for `\chapter on input line 6076.
\scr@dte@section@maxnumwidth=\skip56
Class scrbook Info: using compatibility default `runin=bysign'
(scrbook)           for `\section on input line 6087.
Class scrbook Info: using compatibility default `afterindent=bysign'
(scrbook)           for `\section on input line 6087.
\scr@dte@part@maxnumwidth=\skip57
Class scrbook Info: using compatibility default `afterindent=true'
(scrbook)           for `\part on input line 6096.
\scr@dte@subsection@maxnumwidth=\skip58
Class scrbook Info: using compatibility default `runin=bysign'
(scrbook)           for `\subsection on input line 6106.
Class scrbook Info: using compatibility default `afterindent=bysign'
(scrbook)           for `\subsection on input line 6106.
\scr@dte@subsubsection@maxnumwidth=\skip59
Class scrbook Info: using compatibility default `runin=bysign'
(scrbook)           for `\subsubsection on input line 6116.
Class scrbook Info: using compatibility default `afterindent=bysign'
(scrbook)           for `\subsubsection on input line 6116.
\scr@dte@paragraph@maxnumwidth=\skip60
Class scrbook Info: using compatibility default `runin=bysign'
(scrbook)           for `\paragraph on input line 6127.
Class scrbook Info: using compatibility default `afterindent=bysign'
(scrbook)           for `\paragraph on input line 6127.
\scr@dte@subparagraph@maxnumwidth=\skip61
Class scrbook Info: using compatibility default `runin=bysign'
(scrbook)           for `\subparagraph on input line 6137.
Class scrbook Info: using compatibility default `afterindent=bysign'
(scrbook)           for `\subparagraph on input line 6137.
\abovecaptionskip=\skip62
\belowcaptionskip=\skip63
\c@pti@nb@sid@b@x=\box54
Package tocbasic Info: omitting babel extension for `lof'
(tocbasic)             because of feature `nobabel' available
(tocbasic)             for `lof' on input line 7350.
\scr@dte@figure@maxnumwidth=\skip64
\c@figure=\count279
Package tocbasic Info: omitting babel extension for `lot'
(tocbasic)             because of feature `nobabel' available
(tocbasic)             for `lot' on input line 7363.
\scr@dte@table@maxnumwidth=\skip65
\c@table=\count280
Class scrbook Info: Redefining `\numberline' on input line 7534.
\bibindent=\dimen148
) (/usr/local/texlive/2025/texmf-dist/tex/latex/float/float.sty
Package: float 2001/11/08 v1.3d Float enhancements (AL)
\c@float@type=\count281
\float@exts=\toks18
\float@box=\box55
\@float@everytoks=\toks19
\@floatcapt=\box56
)
(/usr/local/texlive/2025/texmf-dist/tex/latex/geometry/geometry.sty
Package: geometry 2020/01/02 v5.9 Page Geometry

(/usr/local/texlive/2025/texmf-dist/tex/generic/iftex/ifvtex.sty
Package: ifvtex 2019/10/25 v1.7 ifvtex legacy package. Use iftex instead.

(/usr/local/texlive/2025/texmf-dist/tex/generic/iftex/iftex.sty
Package: iftex 2024/12/12 v1.0g TeX engine tests
))
\Gm@cnth=\count282
\Gm@cntv=\count283
\c@Gm@tempcnt=\count284
\Gm@bindingoffset=\dimen149
\Gm@wd@mp=\dimen150
\Gm@odd@mp=\dimen151
\Gm@even@mp=\dimen152
\Gm@layoutwidth=\dimen153
\Gm@layoutheight=\dimen154
\Gm@layouthoffset=\dimen155
\Gm@layoutvoffset=\dimen156
\Gm@dimlist=\toks20
)
(/usr/local/texlive/2025/texmf-dist/tex/latex/polyglossia/polyglossia.sty
Package: polyglossia 2025/09/22 v2.8 Modern multilingual typesetting with XeLaT
eX and LuaLaTeX

(/usr/local/texlive/2025/texmf-dist/tex/latex/etoolbox/etoolbox.sty
Package: etoolbox 2025/10/02 v2.5m e-TeX tools for LaTeX (JAW)
\etb@tempcnta=\count285
)
(/usr/local/texlive/2025/texmf-dist/tex/latex/fontspec/fontspec.sty
(/usr/local/texlive/2025/texmf-dist/tex/latex/l3packages/xparse/xparse.sty
(/usr/local/texlive/2025/texmf-dist/tex/latex/l3kernel/expl3.sty
Package: expl3 2025-10-09 L3 programming layer (loader) 

(/usr/local/texlive/2025/texmf-dist/tex/latex/l3backend/l3backend-xetex.def
File: l3backend-xetex.def 2025-10-09 L3 backend support: XeTeX
\g__graphics_track_int=\count286
\g__pdfannot_backend_int=\count287
\g__pdfannot_backend_link_int=\count288
))
Package: xparse 2025-10-09 L3 Experimental document command parser
)
Package: fontspec 2025/09/29 v2.9g Font selection for XeLaTeX and LuaLaTeX

(/usr/local/texlive/2025/texmf-dist/tex/latex/fontspec/fontspec-xetex.sty
Package: fontspec-xetex 2025/09/29 v2.9g Font selection for XeLaTeX and LuaLaTe
X
\l__fontspec_script_int=\count289
\l__fontspec_language_int=\count290
\l__fontspec_strnum_int=\count291
\l__fontspec_tmp_int=\count292
\l__fontspec_tmpa_int=\count293
\l__fontspec_tmpb_int=\count294
\l__fontspec_tmpc_int=\count295
\l__fontspec_em_int=\count296
\l__fontspec_emdef_int=\count297
\l__fontspec_strong_int=\count298
\l__fontspec_strongdef_int=\count299
\l__fontspec_tmpa_dim=\dimen157
\l__fontspec_tmpb_dim=\dimen158
\l__fontspec_tmpc_dim=\dimen159

(/usr/local/texlive/2025/texmf-dist/tex/latex/base/fontenc.sty
Package: fontenc 2024/12/21 v2.1c Standard LaTeX package
)
(/usr/local/texlive/2025/texmf-dist/tex/latex/fontspec/fontspec.cfg)))
\l_xpg_alias_keyvals_int=\count300

(/usr/local/texlive/2025/texmf-dist/tex/latex/polyglossia/gloss-latex.ldf
File: gloss-latex.ldf polyglossia: module for default language
))
(/usr/local/texlive/2025/texmf-dist/tex/latex/polyglossia/gloss-german.ldf
File: gloss-german.ldf polyglossia: module for German

(/usr/local/texlive/2025/texmf-dist/tex/latex/polyglossia/babelsh.def
File: babelsh.def 2022/06/21 Babel common definitions for shorthands
 Taken verbatim from babel files (2022/06/06 v3.76)
)
Package babel Info: Making " an active character on input line 207.
)

Package polyglossia Info: Default language is german


(/usr/local/texlive/2025/texmf-dist/tex/latex/polyglossia/gloss-english.ldf
File: gloss-english.ldf polyglossia: module for English
)
(/usr/local/texlive/2025/texmf-dist/tex/latex/tools/longtable.sty
Package: longtable 2024-12-18 v4.23 Multi-page Table package (DPC)
\LTleft=\skip66
\LTright=\skip67
\LTpre=\skip68
\LTpost=\skip69
\LTchunksize=\count301
\LTcapwidth=\dimen160
\LT@head=\box57
\LT@firsthead=\box58
\LT@foot=\box59
\LT@lastfoot=\box60
\LT@gbox=\box61
\LT@cols=\count302
\LT@rows=\count303
\c@LT@tables=\count304
\c@LT@chunks=\count305
\LT@p@ftn=\toks21
)
Class scrbook Info: longtable captions redefined on input line 16.

(/usr/local/texlive/2025/texmf-dist/tex/latex/tools/array.sty
Package: array 2025/06/08 v2.6j Tabular extension package (FMi)
\col@sep=\dimen161
\ar@mcellbox=\box62
\extrarowheight=\dimen162
\NC@list=\toks22
\extratabsurround=\skip70
\backup@length=\skip71
\ar@cellbox=\box63
)
(/usr/local/texlive/2025/texmf-dist/tex/latex/tcolorbox/tcolorbox.sty
Package: tcolorbox 2025/09/09 version 6.8.0 text color boxes

(/usr/local/texlive/2025/texmf-dist/tex/latex/pgf/frontendlayer/tikz.sty
(/usr/local/texlive/2025/texmf-dist/tex/latex/pgf/basiclayer/pgf.sty
(/usr/local/texlive/2025/texmf-dist/tex/latex/pgf/utilities/pgfrcs.sty
(/usr/local/texlive/2025/texmf-dist/tex/generic/pgf/utilities/pgfutil-common.te
x
\pgfutil@everybye=\toks23
\pgfutil@tempdima=\dimen163
\pgfutil@tempdimb=\dimen164
)
(/usr/local/texlive/2025/texmf-dist/tex/generic/pgf/utilities/pgfutil-latex.def
\pgfutil@abb=\box64
) (/usr/local/texlive/2025/texmf-dist/tex/generic/pgf/utilities/pgfrcs.code.tex
(/usr/local/texlive/2025/texmf-dist/tex/generic/pgf/pgf.revision.tex)
Package: pgfrcs 2025-08-29 v3.1.11a (3.1.11a)
))
Package: pgf 2025-08-29 v3.1.11a (3.1.11a)

(/usr/local/texlive/2025/texmf-dist/tex/latex/pgf/basiclayer/pgfcore.sty
(/usr/local/texlive/2025/texmf-dist/tex/latex/graphics/graphicx.sty
Package: graphicx 2024/12/31 v1.2e Enhanced LaTeX Graphics (DPC,SPQR)

(/usr/local/texlive/2025/texmf-dist/tex/latex/graphics/graphics.sty
Package: graphics 2024/08/06 v1.4g Standard LaTeX Graphics (DPC,SPQR)

(/usr/local/texlive/2025/texmf-dist/tex/latex/graphics/trig.sty
Package: trig 2023/12/02 v1.11 sin cos tan (DPC)
)
(/usr/local/texlive/2025/texmf-dist/tex/latex/graphics-cfg/graphics.cfg
File: graphics.cfg 2016/06/04 v1.11 sample graphics configuration
)
Package graphics Info: Driver file: xetex.def on input line 106.

(/usr/local/texlive/2025/texmf-dist/tex/latex/graphics-def/xetex.def
File: xetex.def 2025/09/29 v5.0o Graphics/color driver for xetex
))
\Gin@req@height=\dimen165
\Gin@req@width=\dimen166
)
(/usr/local/texlive/2025/texmf-dist/tex/latex/pgf/systemlayer/pgfsys.sty
(/usr/local/texlive/2025/texmf-dist/tex/generic/pgf/systemlayer/pgfsys.code.tex
Package: pgfsys 2025-08-29 v3.1.11a (3.1.11a)
(/usr/local/texlive/2025/texmf-dist/tex/generic/pgf/utilities/pgfkeys.code.tex
\pgfkeys@pathtoks=\toks24
\pgfkeys@temptoks=\toks25

(/usr/local/texlive/2025/texmf-dist/tex/generic/pgf/utilities/pgfkeyslibraryfil
tered.code.tex
\pgfkeys@tmptoks=\toks26
))
\pgf@x=\dimen167
\pgf@y=\dimen168
\pgf@xa=\dimen169
\pgf@ya=\dimen170
\pgf@xb=\dimen171
\pgf@yb=\dimen172
\pgf@xc=\dimen173
\pgf@yc=\dimen174
\pgf@xd=\dimen175
\pgf@yd=\dimen176
\w@pgf@writea=\write3
\r@pgf@reada=\read2
\c@pgf@counta=\count306
\c@pgf@countb=\count307
\c@pgf@countc=\count308
\c@pgf@countd=\count309
\t@pgf@toka=\toks27
\t@pgf@tokb=\toks28
\t@pgf@tokc=\toks29
\pgf@sys@id@count=\count310

(/usr/local/texlive/2025/texmf-dist/tex/generic/pgf/systemlayer/pgf.cfg
File: pgf.cfg 2025-08-29 v3.1.11a (3.1.11a)
)
Driver file for pgf: pgfsys-xetex.def

(/usr/local/texlive/2025/texmf-dist/tex/generic/pgf/systemlayer/pgfsys-xetex.de
f
File: pgfsys-xetex.def 2025-08-29 v3.1.11a (3.1.11a)

(/usr/local/texlive/2025/texmf-dist/tex/generic/pgf/systemlayer/pgfsys-dvipdfmx
.def
File: pgfsys-dvipdfmx.def 2025-08-29 v3.1.11a (3.1.11a)

(/usr/local/texlive/2025/texmf-dist/tex/generic/pgf/systemlayer/pgfsys-common-p
df.def
File: pgfsys-common-pdf.def 2025-08-29 v3.1.11a (3.1.11a)
)
\pgfsys@objnum=\count311
)))
(/usr/local/texlive/2025/texmf-dist/tex/generic/pgf/systemlayer/pgfsyssoftpath.
code.tex
File: pgfsyssoftpath.code.tex 2025-08-29 v3.1.11a (3.1.11a)
\pgfsyssoftpath@smallbuffer@items=\count312
\pgfsyssoftpath@bigbuffer@items=\count313
)
(/usr/local/texlive/2025/texmf-dist/tex/generic/pgf/systemlayer/pgfsysprotocol.
code.tex
File: pgfsysprotocol.code.tex 2025-08-29 v3.1.11a (3.1.11a)
)) (/usr/local/texlive/2025/texmf-dist/tex/latex/xcolor/xcolor.sty
Package: xcolor 2024/09/29 v3.02 LaTeX color extensions (UK)

(/usr/local/texlive/2025/texmf-dist/tex/latex/graphics-cfg/color.cfg
File: color.cfg 2016/01/02 v1.6 sample color configuration
)
Package xcolor Info: Driver file: xetex.def on input line 274.

(/usr/local/texlive/2025/texmf-dist/tex/latex/graphics/mathcolor.ltx)
Package xcolor Info: Model `cmy' substituted by `cmy0' on input line 1349.
Package xcolor Info: Model `RGB' extended on input line 1365.
Package xcolor Info: Model `HTML' substituted by `rgb' on input line 1367.
Package xcolor Info: Model `Hsb' substituted by `hsb' on input line 1368.
Package xcolor Info: Model `tHsb' substituted by `hsb' on input line 1369.
Package xcolor Info: Model `HSB' substituted by `hsb' on input line 1370.
Package xcolor Info: Model `Gray' substituted by `gray' on input line 1371.
Package xcolor Info: Model `wave' substituted by `hsb' on input line 1372.
)
(/usr/local/texlive/2025/texmf-dist/tex/generic/pgf/basiclayer/pgfcore.code.tex
Package: pgfcore 2025-08-29 v3.1.11a (3.1.11a)
(/usr/local/texlive/2025/texmf-dist/tex/generic/pgf/math/pgfmath.code.tex
(/usr/local/texlive/2025/texmf-dist/tex/generic/pgf/math/pgfmathutil.code.tex)
(/usr/local/texlive/2025/texmf-dist/tex/generic/pgf/math/pgfmathparser.code.tex
\pgfmath@dimen=\dimen177
\pgfmath@count=\count314
\pgfmath@box=\box65
\pgfmath@toks=\toks30
\pgfmath@stack@operand=\toks31
\pgfmath@stack@operation=\toks32
)
(/usr/local/texlive/2025/texmf-dist/tex/generic/pgf/math/pgfmathfunctions.code.
tex)
(/usr/local/texlive/2025/texmf-dist/tex/generic/pgf/math/pgfmathfunctions.basic
.code.tex)
(/usr/local/texlive/2025/texmf-dist/tex/generic/pgf/math/pgfmathfunctions.trigo
nometric.code.tex)
(/usr/local/texlive/2025/texmf-dist/tex/generic/pgf/math/pgfmathfunctions.rando
m.code.tex)
(/usr/local/texlive/2025/texmf-dist/tex/generic/pgf/math/pgfmathfunctions.compa
rison.code.tex)
(/usr/local/texlive/2025/texmf-dist/tex/generic/pgf/math/pgfmathfunctions.base.
code.tex)
(/usr/local/texlive/2025/texmf-dist/tex/generic/pgf/math/pgfmathfunctions.round
.code.tex)
(/usr/local/texlive/2025/texmf-dist/tex/generic/pgf/math/pgfmathfunctions.misc.
code.tex)
(/usr/local/texlive/2025/texmf-dist/tex/generic/pgf/math/pgfmathfunctions.integ
erarithmetics.code.tex)
(/usr/local/texlive/2025/texmf-dist/tex/generic/pgf/math/pgfmathcalc.code.tex)
(/usr/local/texlive/2025/texmf-dist/tex/generic/pgf/math/pgfmathfloat.code.tex
\c@pgfmathroundto@lastzeros=\count315
)) (/usr/local/texlive/2025/texmf-dist/tex/generic/pgf/math/pgfint.code.tex)
(/usr/local/texlive/2025/texmf-dist/tex/generic/pgf/basiclayer/pgfcorepoints.co
de.tex
File: pgfcorepoints.code.tex 2025-08-29 v3.1.11a (3.1.11a)
\pgf@picminx=\dimen178
\pgf@picmaxx=\dimen179
\pgf@picminy=\dimen180
\pgf@picmaxy=\dimen181
\pgf@pathminx=\dimen182
\pgf@pathmaxx=\dimen183
\pgf@pathminy=\dimen184
\pgf@pathmaxy=\dimen185
\pgf@xx=\dimen186
\pgf@xy=\dimen187
\pgf@yx=\dimen188
\pgf@yy=\dimen189
\pgf@zx=\dimen190
\pgf@zy=\dimen191
)
(/usr/local/texlive/2025/texmf-dist/tex/generic/pgf/basiclayer/pgfcorepathconst
ruct.code.tex
File: pgfcorepathconstruct.code.tex 2025-08-29 v3.1.11a (3.1.11a)
\pgf@path@lastx=\dimen192
\pgf@path@lasty=\dimen193
)
(/usr/local/texlive/2025/texmf-dist/tex/generic/pgf/basiclayer/pgfcorepathusage
.code.tex
File: pgfcorepathusage.code.tex 2025-08-29 v3.1.11a (3.1.11a)
\pgf@shorten@end@additional=\dimen194
\pgf@shorten@start@additional=\dimen195
)
(/usr/local/texlive/2025/texmf-dist/tex/generic/pgf/basiclayer/pgfcorescopes.co
de.tex
File: pgfcorescopes.code.tex 2025-08-29 v3.1.11a (3.1.11a)
\pgfpic=\box66
\pgf@hbox=\box67
\pgf@layerbox@main=\box68
\pgf@picture@serial@count=\count316
)
(/usr/local/texlive/2025/texmf-dist/tex/generic/pgf/basiclayer/pgfcoregraphicst
ate.code.tex
File: pgfcoregraphicstate.code.tex 2025-08-29 v3.1.11a (3.1.11a)
\pgflinewidth=\dimen196
)
(/usr/local/texlive/2025/texmf-dist/tex/generic/pgf/basiclayer/pgfcoretransform
ations.code.tex
File: pgfcoretransformations.code.tex 2025-08-29 v3.1.11a (3.1.11a)
\pgf@pt@x=\dimen197
\pgf@pt@y=\dimen198
\pgf@pt@temp=\dimen199
)
(/usr/local/texlive/2025/texmf-dist/tex/generic/pgf/basiclayer/pgfcorequick.cod
e.tex
File: pgfcorequick.code.tex 2025-08-29 v3.1.11a (3.1.11a)
)
(/usr/local/texlive/2025/texmf-dist/tex/generic/pgf/basiclayer/pgfcoreobjects.c
ode.tex
File: pgfcoreobjects.code.tex 2025-08-29 v3.1.11a (3.1.11a)
)
(/usr/local/texlive/2025/texmf-dist/tex/generic/pgf/basiclayer/pgfcorepathproce
ssing.code.tex
File: pgfcorepathprocessing.code.tex 2025-08-29 v3.1.11a (3.1.11a)
)
(/usr/local/texlive/2025/texmf-dist/tex/generic/pgf/basiclayer/pgfcorearrows.co
de.tex
File: pgfcorearrows.code.tex 2025-08-29 v3.1.11a (3.1.11a)
\pgfarrowsep=\dimen256
)
(/usr/local/texlive/2025/texmf-dist/tex/generic/pgf/basiclayer/pgfcoreshade.cod
e.tex
File: pgfcoreshade.code.tex 2025-08-29 v3.1.11a (3.1.11a)
\pgf@max=\dimen257
\pgf@sys@shading@range@num=\count317
\pgf@shadingcount=\count318
)
(/usr/local/texlive/2025/texmf-dist/tex/generic/pgf/basiclayer/pgfcoreimage.cod
e.tex
File: pgfcoreimage.code.tex 2025-08-29 v3.1.11a (3.1.11a)
)
(/usr/local/texlive/2025/texmf-dist/tex/generic/pgf/basiclayer/pgfcoreexternal.
code.tex
File: pgfcoreexternal.code.tex 2025-08-29 v3.1.11a (3.1.11a)
\pgfexternal@startupbox=\box69
)
(/usr/local/texlive/2025/texmf-dist/tex/generic/pgf/basiclayer/pgfcorelayers.co
de.tex
File: pgfcorelayers.code.tex 2025-08-29 v3.1.11a (3.1.11a)
)
(/usr/local/texlive/2025/texmf-dist/tex/generic/pgf/basiclayer/pgfcoretranspare
ncy.code.tex
File: pgfcoretransparency.code.tex 2025-08-29 v3.1.11a (3.1.11a)
)
(/usr/local/texlive/2025/texmf-dist/tex/generic/pgf/basiclayer/pgfcorepatterns.
code.tex
File: pgfcorepatterns.code.tex 2025-08-29 v3.1.11a (3.1.11a)
)
(/usr/local/texlive/2025/texmf-dist/tex/generic/pgf/basiclayer/pgfcorerdf.code.
tex
File: pgfcorerdf.code.tex 2025-08-29 v3.1.11a (3.1.11a)
)))
(/usr/local/texlive/2025/texmf-dist/tex/generic/pgf/modules/pgfmoduleshapes.cod
e.tex
File: pgfmoduleshapes.code.tex 2025-08-29 v3.1.11a (3.1.11a)
\pgfnodeparttextbox=\box70
)
(/usr/local/texlive/2025/texmf-dist/tex/generic/pgf/modules/pgfmoduleplot.code.
tex
File: pgfmoduleplot.code.tex 2025-08-29 v3.1.11a (3.1.11a)
)
(/usr/local/texlive/2025/texmf-dist/tex/latex/pgf/compatibility/pgfcomp-version
-0-65.sty
Package: pgfcomp-version-0-65 2025-08-29 v3.1.11a (3.1.11a)
\pgf@nodesepstart=\dimen258
\pgf@nodesepend=\dimen259
)
(/usr/local/texlive/2025/texmf-dist/tex/latex/pgf/compatibility/pgfcomp-version
-1-18.sty
Package: pgfcomp-version-1-18 2025-08-29 v3.1.11a (3.1.11a)
))
(/usr/local/texlive/2025/texmf-dist/tex/latex/pgf/utilities/pgffor.sty
(/usr/local/texlive/2025/texmf-dist/tex/latex/pgf/utilities/pgfkeys.sty
(/usr/local/texlive/2025/texmf-dist/tex/generic/pgf/utilities/pgfkeys.code.tex)
) (/usr/local/texlive/2025/texmf-dist/tex/latex/pgf/math/pgfmath.sty
(/usr/local/texlive/2025/texmf-dist/tex/generic/pgf/math/pgfmath.code.tex))
(/usr/local/texlive/2025/texmf-dist/tex/generic/pgf/utilities/pgffor.code.tex
Package: pgffor 2025-08-29 v3.1.11a (3.1.11a)
\pgffor@iter=\dimen260
\pgffor@skip=\dimen261
\pgffor@stack=\toks33
\pgffor@toks=\toks34
))
(/usr/local/texlive/2025/texmf-dist/tex/generic/pgf/frontendlayer/tikz/tikz.cod
e.tex
Package: tikz 2025-08-29 v3.1.11a (3.1.11a)

(/usr/local/texlive/2025/texmf-dist/tex/generic/pgf/libraries/pgflibraryplothan
dlers.code.tex
File: pgflibraryplothandlers.code.tex 2025-08-29 v3.1.11a (3.1.11a)
\pgf@plot@mark@count=\count319
\pgfplotmarksize=\dimen262
)
\tikz@lastx=\dimen263
\tikz@lasty=\dimen264
\tikz@lastxsaved=\dimen265
\tikz@lastysaved=\dimen266
\tikz@lastmovetox=\dimen267
\tikz@lastmovetoy=\dimen268
\tikzleveldistance=\dimen269
\tikzsiblingdistance=\dimen270
\tikz@figbox=\box71
\tikz@figbox@bg=\box72
\tikz@tempbox=\box73
\tikz@tempbox@bg=\box74
\tikztreelevel=\count320
\tikznumberofchildren=\count321
\tikznumberofcurrentchild=\count322
\tikz@fig@count=\count323

(/usr/local/texlive/2025/texmf-dist/tex/generic/pgf/modules/pgfmodulematrix.cod
e.tex
File: pgfmodulematrix.code.tex 2025-08-29 v3.1.11a (3.1.11a)
\pgfmatrixcurrentrow=\count324
\pgfmatrixcurrentcolumn=\count325
\pgf@matrix@numberofcolumns=\count326
)
\tikz@expandcount=\count327

(/usr/local/texlive/2025/texmf-dist/tex/generic/pgf/frontendlayer/tikz/librarie
s/tikzlibrarytopaths.code.tex
File: tikzlibrarytopaths.code.tex 2025-08-29 v3.1.11a (3.1.11a)
)))
(/usr/local/texlive/2025/texmf-dist/tex/latex/tools/verbatim.sty
Package: verbatim 2024-01-22 v1.5x LaTeX2e package for verbatim enhancements
\every@verbatim=\toks35
\verbatim@line=\toks36
\verbatim@in@stream=\read3
)
(/usr/local/texlive/2025/texmf-dist/tex/latex/environ/environ.sty
Package: environ 2014/05/04 v0.3 A new way to define environments

(/usr/local/texlive/2025/texmf-dist/tex/latex/trimspaces/trimspaces.sty
Package: trimspaces 2009/09/17 v1.1 Trim spaces around a token list
)
\@envbody=\toks37
)
\tcb@titlebox=\box75
\tcb@upperbox=\box76
\tcb@lowerbox=\box77
\tcb@phantombox=\box78
\c@tcbbreakpart=\count328
\c@tcblayer=\count329
\c@tcolorbox@number=\count330
\l__tcobox_tmpa_box=\box79
\l__tcobox_tmpa_dim=\dimen271
\tcb@temp=\box80
\tcb@temp=\box81
\tcb@temp=\box82
\tcb@temp=\box83

(/usr/local/texlive/2025/texmf-dist/tex/latex/tcolorbox/tcbraster.code.tex
Library (tcolorbox): 'tcbraster.code.tex' version '6.8.0'
\c@tcbrastercolumn=\count331
\c@tcbrasterrow=\count332
\c@tcbrasternum=\count333
\c@tcbraster=\count334
) (/usr/local/texlive/2025/texmf-dist/tex/latex/tcolorbox/tcbskins.code.tex
Library (tcolorbox): 'tcbskins.code.tex' version '6.8.0'
(/usr/local/texlive/2025/texmf-dist/tex/latex/tikzfill/tikzfill.image.sty
Package: tikzfill.image 2023/08/08 v1.0.1 Image filling library for TikZ

(/usr/local/texlive/2025/texmf-dist/tex/latex/tikzfill/tikzfill-common.sty
Package: tikzfill-common 2023/08/08 v1.0.1 Auxiliary code for tikzfill
)
(/usr/local/texlive/2025/texmf-dist/tex/latex/tikzfill/tikzlibraryfill.image.co
de.tex
File: tikzlibraryfill.image.code.tex 2023/08/08 v1.0.1 Image filling library
\l__tikzfill_img_box=\box84
))
(/usr/local/texlive/2025/texmf-dist/tex/latex/tcolorbox/tcbskinsjigsaw.code.tex
Library (tcolorbox): 'tcbskinsjigsaw.code.tex' version '6.8.0'
))
(/usr/local/texlive/2025/texmf-dist/tex/latex/tcolorbox/tcbbreakable.code.tex
Library (tcolorbox): 'tcbbreakable.code.tex' version '6.8.0'
(/usr/local/texlive/2025/texmf-dist/tex/latex/pdfcol/pdfcol.sty
Package: pdfcol 2022-09-21 v1.7 Handle new color stacks for pdfTeX (HO)

(/usr/local/texlive/2025/texmf-dist/tex/generic/ltxcmds/ltxcmds.sty
Package: ltxcmds 2023-12-04 v1.26 LaTeX kernel commands for general use (HO)
)
(/usr/local/texlive/2025/texmf-dist/tex/generic/infwarerr/infwarerr.sty
Package: infwarerr 2019/12/03 v1.5 Providing info/warning/error messages (HO)
)
Package pdfcol Info: Interface disabled because of missing PDF mode of pdfTeX.
)
Package pdfcol Info: pdfTeX's color stacks are not available.
\tcb@testbox=\box85
\tcb@totalupperbox=\box86
\tcb@totallowerbox=\box87
)
(/usr/local/texlive/2025/texmf-dist/tex/latex/tcolorbox/tcbhooks.code.tex
Library (tcolorbox): 'tcbhooks.code.tex' version '6.8.0'
) (/usr/local/texlive/2025/texmf-dist/tex/latex/tcolorbox/tcbtheorems.code.tex
Library (tcolorbox): 'tcbtheorems.code.tex' version '6.8.0'
(/usr/local/texlive/2025/texmf-dist/tex/latex/amsmath/amsmath.sty
Package: amsmath 2025/06/16 v2.17y AMS math features
\@mathmargin=\skip72

For additional information on amsmath, use the `?' option.
(/usr/local/texlive/2025/texmf-dist/tex/latex/amsmath/amstext.sty
Package: amstext 2024/11/17 v2.01 AMS text

(/usr/local/texlive/2025/texmf-dist/tex/latex/amsmath/amsgen.sty
File: amsgen.sty 1999/11/30 v2.0 generic functions
\@emptytoks=\toks38
\ex@=\dimen272
))
(/usr/local/texlive/2025/texmf-dist/tex/latex/amsmath/amsbsy.sty
Package: amsbsy 1999/11/29 v1.2d Bold Symbols
\pmbraise@=\dimen273
)
(/usr/local/texlive/2025/texmf-dist/tex/latex/amsmath/amsopn.sty
Package: amsopn 2022/04/08 v2.04 operator names
)
\inf@bad=\count335
LaTeX Info: Redefining \frac on input line 233.
\uproot@=\count336
\leftroot@=\count337
LaTeX Info: Redefining \overline on input line 398.
LaTeX Info: Redefining \colon on input line 409.
\classnum@=\count338
\DOTSCASE@=\count339
LaTeX Info: Redefining \ldots on input line 495.
LaTeX Info: Redefining \dots on input line 498.
LaTeX Info: Redefining \cdots on input line 619.
\Mathstrutbox@=\box88
\strutbox@=\box89
LaTeX Info: Redefining \big on input line 721.
LaTeX Info: Redefining \Big on input line 722.
LaTeX Info: Redefining \bigg on input line 723.
LaTeX Info: Redefining \Bigg on input line 724.
\big@size=\dimen274
LaTeX Font Info:    Redeclaring font encoding OML on input line 742.
LaTeX Font Info:    Redeclaring font encoding OMS on input line 743.
\macc@depth=\count340
LaTeX Info: Redefining \bmod on input line 904.
LaTeX Info: Redefining \pmod on input line 909.
LaTeX Info: Redefining \smash on input line 939.
LaTeX Info: Redefining \relbar on input line 969.
LaTeX Info: Redefining \Relbar on input line 970.
\c@MaxMatrixCols=\count341
\dotsspace@=\muskip17
\c@parentequation=\count342
\dspbrk@lvl=\count343
\tag@help=\toks39
\row@=\count344
\column@=\count345
\maxfields@=\count346
\andhelp@=\toks40
\eqnshift@=\dimen275
\alignsep@=\dimen276
\tagshift@=\dimen277
\tagwidth@=\dimen278
\totwidth@=\dimen279
\lineht@=\dimen280
\@envbody=\toks41
\multlinegap=\skip73
\multlinetaggap=\skip74
\mathdisplay@stack=\toks42
LaTeX Info: Redefining \[ on input line 2949.
LaTeX Info: Redefining \] on input line 2950.
))
(/usr/local/texlive/2025/texmf-dist/tex/latex/tcolorbox/tcbfitting.code.tex
Library (tcolorbox): 'tcbfitting.code.tex' version '6.8.0'
\tcbfitdim=\dimen281
\tcb@lowerfitdim=\dimen282
\tcb@upperfitdim=\dimen283
\tcb@cur@hbadness=\count347
)
(/usr/local/texlive/2025/texmf-dist/tex/latex/tcolorbox/tcblistingsutf8.code.te
x
Library (tcolorbox): 'tcblistingsutf8.code.tex' version '6.8.0'
(/usr/local/texlive/2025/texmf-dist/tex/latex/tcolorbox/tcblistings.code.tex
Library (tcolorbox): 'tcblistings.code.tex' version '6.8.0'
(/usr/local/texlive/2025/texmf-dist/tex/latex/listings/listings.sty
\lst@mode=\count348
\lst@gtempboxa=\box90
\lst@token=\toks43
\lst@length=\count349
\lst@currlwidth=\dimen284
\lst@column=\count350
\lst@pos=\count351
\lst@lostspace=\dimen285
\lst@width=\dimen286
\lst@newlines=\count352
\lst@lineno=\count353
\lst@maxwidth=\dimen287

(/usr/local/texlive/2025/texmf-dist/tex/latex/listings/lstpatch.sty
File: lstpatch.sty 2024/09/23 1.10c (Carsten Heinz)
)
(/usr/local/texlive/2025/texmf-dist/tex/latex/listings/lstmisc.sty
File: lstmisc.sty 2024/09/23 1.10c (Carsten Heinz)
\c@lstnumber=\count354
\lst@skipnumbers=\count355
\lst@framebox=\box91
)
(/usr/local/texlive/2025/texmf-dist/tex/latex/listings/listings.cfg
File: listings.cfg 2024/09/23 1.10c listings configuration
))
Package: listings 2024/09/23 1.10c (Carsten Heinz)

(/usr/local/texlive/2025/texmf-dist/tex/latex/tcolorbox/tcblistingscore.code.te
x
Library (tcolorbox): 'tcblistingscore.code.tex' version '6.8.0'
(/usr/local/texlive/2025/texmf-dist/tex/latex/tcolorbox/tcbprocessing.code.tex
Library (tcolorbox): 'tcbprocessing.code.tex' version '6.8.0'
)
\c@tcblisting=\count356
))
Package tcolorbox Info: Library `listingsutf8' is compatible with pdftex only. 
Library `listings` is loaded instead. on input line 29.
)
(/usr/local/texlive/2025/texmf-dist/tex/latex/tcolorbox/tcbexternal.code.tex
Library (tcolorbox): 'tcbexternal.code.tex' version '6.8.0'
) (/usr/local/texlive/2025/texmf-dist/tex/latex/tcolorbox/tcbmagazine.code.tex
Library (tcolorbox): 'tcbmagazine.code.tex' version '6.8.0'
) (/usr/local/texlive/2025/texmf-dist/tex/latex/tcolorbox/tcbvignette.code.tex
Library (tcolorbox): 'tcbvignette.code.tex' version '6.8.0'

(/usr/local/texlive/2025/texmf-dist/tex/generic/pgf/frontendlayer/tikz/librarie
s/tikzlibraryfadings.code.tex
File: tikzlibraryfadings.code.tex 2025-08-29 v3.1.11a (3.1.11a)

(/usr/local/texlive/2025/texmf-dist/tex/generic/pgf/libraries/pgflibraryfadings
.code.tex
File: pgflibraryfadings.code.tex 2025-08-29 v3.1.11a (3.1.11a)
)))
(/usr/local/texlive/2025/texmf-dist/tex/latex/tcolorbox/tcbposter.code.tex
Library (tcolorbox): 'tcbposter.code.tex' version '6.8.0'
)) (/usr/local/texlive/2025/texmf-dist/tex/latex/caption/caption.sty
Package: caption 2023/08/05 v3.6o Customizing captions (AR)

(/usr/local/texlive/2025/texmf-dist/tex/latex/caption/caption3.sty
Package: caption3 2023/07/31 v2.4d caption3 kernel (AR)
\caption@tempdima=\dimen288
\captionmargin=\dimen289
\caption@leftmargin=\dimen290
\caption@rightmargin=\dimen291
\caption@width=\dimen292
\caption@indent=\dimen293
\caption@parindent=\dimen294
\caption@hangindent=\dimen295
Package caption Info: Unknown document class (or package),
(caption)             standard defaults will be used.
Package caption Info: \@makecaption = \long macro:#1#2->\@abovecaptionbreak \vs
kip \abovecaptionskip \@abovecaptionbreak \@@makecaption \@firstofone {#1}{#2}\
@belowcaptionbreak \vskip \belowcaptionskip \@belowcaptionbreak  on input line 
1175.
)

Package caption Warning: Unknown document class (or package),
(caption)                standard defaults will be used.
See the caption package documentation for explanation.

\c@caption@flags=\count357
\c@continuedfloat=\count358
Package caption Info: float package is loaded.
Package caption Info: listings package is loaded.
Package caption Info: longtable package is loaded.
(/usr/local/texlive/2025/texmf-dist/tex/latex/caption/ltcaption.sty
Package: ltcaption 2021/01/08 v1.4c longtable captions (AR)
))
(/usr/local/texlive/2025/texmf-dist/tex/latex/setspace/setspace.sty
Package: setspace 2022/12/04 v6.7b set line spacing
)
(/usr/local/texlive/2025/texmf-dist/tex/latex/booktabs/booktabs.sty
Package: booktabs 2020/01/12 v1.61803398 Publication quality tables
\heavyrulewidth=\dimen296
\lightrulewidth=\dimen297
\cmidrulewidth=\dimen298
\belowrulesep=\dimen299
\belowbottomsep=\dimen300
\aboverulesep=\dimen301
\abovetopsep=\dimen302
\cmidrulesep=\dimen303
\cmidrulekern=\dimen304
\defaultaddspace=\dimen305
\@cmidla=\count359
\@cmidlb=\count360
\@aboverulesep=\dimen306
\@belowrulesep=\dimen307
\@thisruleclass=\count361
\@lastruleclass=\count362
\@thisrulewidth=\dimen308
)
(/usr/local/texlive/2025/texmf-dist/tex/latex/eurosym/eurosym.sty
Package: eurosym 1998/08/06 v1.1 European currency symbol ``Euro''
\@eurobox=\box92
)
(/usr/local/texlive/2025/texmf-dist/tex/latex/hyperref/hyperref.sty
Package: hyperref 2025-07-12 v7.01o Hypertext links for LaTeX

(/usr/local/texlive/2025/texmf-dist/tex/latex/kvsetkeys/kvsetkeys.sty
Package: kvsetkeys 2022-10-05 v1.19 Key value parser (HO)
)
(/usr/local/texlive/2025/texmf-dist/tex/generic/kvdefinekeys/kvdefinekeys.sty
Package: kvdefinekeys 2019-12-19 v1.6 Define keys (HO)
)
(/usr/local/texlive/2025/texmf-dist/tex/generic/pdfescape/pdfescape.sty
Package: pdfescape 2019/12/09 v1.15 Implements pdfTeX's escape features (HO)

(/usr/local/texlive/2025/texmf-dist/tex/generic/pdftexcmds/pdftexcmds.sty
Package: pdftexcmds 2020-06-27 v0.33 Utility functions of pdfTeX for LuaTeX (HO
)
Package pdftexcmds Info: \pdf@primitive is available.
Package pdftexcmds Info: \pdf@ifprimitive is available.
Package pdftexcmds Info: \pdfdraftmode not found.
))
(/usr/local/texlive/2025/texmf-dist/tex/latex/hycolor/hycolor.sty
Package: hycolor 2020-01-27 v1.10 Color options for hyperref/bookmark (HO)
)
(/usr/local/texlive/2025/texmf-dist/tex/latex/hyperref/nameref.sty
Package: nameref 2025-06-21 v2.57 Cross-referencing by name of section

(/usr/local/texlive/2025/texmf-dist/tex/latex/refcount/refcount.sty
Package: refcount 2019/12/15 v3.6 Data extraction from label references (HO)
)
(/usr/local/texlive/2025/texmf-dist/tex/generic/gettitlestring/gettitlestring.s
ty
Package: gettitlestring 2019/12/15 v1.6 Cleanup title references (HO)
 (/usr/local/texlive/2025/texmf-dist/tex/latex/kvoptions/kvoptions.sty
Package: kvoptions 2022-06-15 v3.15 Key value format for package options (HO)
))
\c@section@level=\count363
)
(/usr/local/texlive/2025/texmf-dist/tex/generic/stringenc/stringenc.sty
Package: stringenc 2019/11/29 v1.12 Convert strings between diff. encodings (HO
)
)
\@linkdim=\dimen309
\Hy@linkcounter=\count364
\Hy@pagecounter=\count365

(/usr/local/texlive/2025/texmf-dist/tex/latex/hyperref/pd1enc.def
File: pd1enc.def 2025-07-12 v7.01o Hyperref: PDFDocEncoding definition (HO)
)
(/usr/local/texlive/2025/texmf-dist/tex/generic/intcalc/intcalc.sty
Package: intcalc 2019/12/15 v1.3 Expandable calculations with integers (HO)
)
\Hy@SavedSpaceFactor=\count366

(/usr/local/texlive/2025/texmf-dist/tex/latex/hyperref/puenc.def
File: puenc.def 2025-07-12 v7.01o Hyperref: PDF Unicode definition (HO)
)
Package hyperref Info: Option `colorlinks' set `true' on input line 4066.
Package hyperref Info: Hyper figures OFF on input line 4195.
Package hyperref Info: Link nesting OFF on input line 4200.
Package hyperref Info: Hyper index ON on input line 4203.
Package hyperref Info: Plain pages OFF on input line 4210.
Package hyperref Info: Backreferencing OFF on input line 4215.
Package hyperref Info: Implicit mode ON; LaTeX internals redefined.
Package hyperref Info: Bookmarks ON on input line 4462.
\c@Hy@tempcnt=\count367

(/usr/local/texlive/2025/texmf-dist/tex/latex/url/url.sty
\Urlmuskip=\muskip18
Package: url 2013/09/16  ver 3.4  Verb mode for urls, etc.
)
LaTeX Info: Redefining \url on input line 4801.
\XeTeXLinkMargin=\dimen310

(/usr/local/texlive/2025/texmf-dist/tex/generic/bitset/bitset.sty
Package: bitset 2019/12/09 v1.3 Handle bit-vector datatype (HO)

(/usr/local/texlive/2025/texmf-dist/tex/generic/bigintcalc/bigintcalc.sty
Package: bigintcalc 2019/12/15 v1.5 Expandable calculations on big integers (HO
)
))
\Fld@menulength=\count368
\Field@Width=\dimen311
\Fld@charsize=\dimen312
Package hyperref Info: Hyper figures OFF on input line 6078.
Package hyperref Info: Link nesting OFF on input line 6083.
Package hyperref Info: Hyper index ON on input line 6086.
Package hyperref Info: backreferencing OFF on input line 6093.
Package hyperref Info: Link coloring ON on input line 6096.
Package hyperref Info: Link coloring with OCG OFF on input line 6103.
Package hyperref Info: PDF/A mode OFF on input line 6108.
\Hy@abspage=\count369
\c@Item=\count370
\c@Hfootnote=\count371
)
Package hyperref Info: Driver (autodetected): hxetex.

(/usr/local/texlive/2025/texmf-dist/tex/latex/hyperref/hxetex.def
File: hxetex.def 2025-07-12 v7.01o Hyperref driver for XeTeX
\pdfm@box=\box93
\c@Hy@AnnotLevel=\count372
\HyField@AnnotCount=\count373
\Fld@listcount=\count374
\c@bookmark@seq@number=\count375

(/usr/local/texlive/2025/texmf-dist/tex/latex/rerunfilecheck/rerunfilecheck.sty
Package: rerunfilecheck 2025-06-21 v1.11 Rerun checks for auxiliary files (HO)

(/usr/local/texlive/2025/texmf-dist/tex/generic/uniquecounter/uniquecounter.sty
Package: uniquecounter 2019/12/15 v1.4 Provide unlimited unique counter (HO)
)
Package uniquecounter Info: New unique counter `rerunfilecheck' on input line 2
84.
)
\Hy@SectionHShift=\skip75
)
(/usr/local/texlive/2025/texmf-dist/tex/latex/koma-script/scrlayer-scrpage.sty
Package: scrlayer-scrpage 2025/09/09 v3.48 KOMA-Script package (end user interf
ace for scrlayer)

(/usr/local/texlive/2025/texmf-dist/tex/latex/koma-script/scrlayer.sty
Package: scrlayer 2025/09/09 v3.48 KOMA-Script package (defining layers and pag
e styles)
Package scrlayer Info: patching LaTeX kernel macro \pagestyle on input line 217
9.
)
Package scrlayer-scrpage Info: Makeing stand-alone element `pagehead' from
(scrlayer-scrpage)             alias to `pageheadfoot' on input line 1106.
)
(/usr/local/texlive/2025/texmf-dist/tex/latex/colortbl/colortbl.sty
Package: colortbl 2024/10/29 v1.0k Color table columns (DPC)
\everycr=\toks44
\minrowclearance=\skip76
\rownum=\count376
)
(/usr/local/texlive/2025/texmf-dist/tex/latex/graphics/dvipsnam.def
File: dvipsnam.def 2016/06/17 v3.0m Driver-dependent file (DPC,SPQR)
)
(/usr/local/texlive/2025/texmf-dist/tex/latex/makecell/makecell.sty
Package: makecell 2009/08/03 V0.1e Managing of Tab Column Heads and Cells
\rotheadsize=\dimen313
\c@nlinenum=\count377
\TeXr@lab=\toks45
)
(/usr/local/texlive/2025/texmf-dist/tex/latex/footmisc/footmisc.sty
Package: footmisc 2025/05/09 v7.0b a miscellany of footnote facilities
\FN@temptoken=\toks46
\footnotemargin=\dimen314
Package footmisc Info: Declaring symbol style bringhurst on input line 549.
Package footmisc Info: Declaring symbol style chicago on input line 557.
Package footmisc Info: Declaring symbol style wiley on input line 566.
Package footmisc Info: Declaring symbol style lamport-robust on input line 577.

Package footmisc Info: Declaring symbol style lamport* on input line 597.
Package footmisc Info: Declaring symbol style lamport*-robust on input line 618
.
)

Package fontspec Info: 
(fontspec)             Font family 'FrutigerLT45Light(0)' created for font
(fontspec)             'Frutiger LT 45 Light' with options [Ligatures=TeX].
(fontspec)              
(fontspec)              This font family consists of the following NFSS
(fontspec)             series/shapes:
(fontspec)              
(fontspec)             - 'normal' (m/n) with NFSS spec.: <->"Frutiger LT 45
(fontspec)             Light/OT:language=dflt;mapping=tex-text;"
(fontspec)             - 'bold' (b/n) with NFSS spec.: <->"Frutiger LT 45
(fontspec)             Light/B/OT:language=dflt;mapping=tex-text;"
(fontspec)             - 'italic' (m/it) with NFSS spec.: <->"Frutiger LT 45
(fontspec)             Light/I/OT:language=dflt;mapping=tex-text;"
(fontspec)             - 'bold italic' (b/it) with NFSS spec.: <->"Frutiger LT
(fontspec)             45 Light/BI/OT:language=dflt;mapping=tex-text;"


Package fontspec Info: 
(fontspec)             Font family 'FrutigerLT45Light(1)' created for font
(fontspec)             'Frutiger LT 45 Light' with options
(fontspec)             [WordSpace={1,0,0},HyphenChar=None,PunctuationSpace=Word
Space].
(fontspec)              
(fontspec)              This font family consists of the following NFSS
(fontspec)             series/shapes:
(fontspec)              
(fontspec)             - 'normal' (m/n) with NFSS spec.: <->"Frutiger LT 45
(fontspec)             Light/OT:language=dflt;"
(fontspec)             - 'bold' (b/n) with NFSS spec.: <->"Frutiger LT 45
(fontspec)             Light/B/OT:language=dflt;"
(fontspec)             - 'italic' (m/it) with NFSS spec.: <->"Frutiger LT 45
(fontspec)             Light/I/OT:language=dflt;"
(fontspec)             - 'bold italic' (b/it) with NFSS spec.: <->"Frutiger LT
(fontspec)             45 Light/BI/OT:language=dflt;"

Class scrbook Info: loading recommended package `bookmark'.
(scrbook)           Using `bookmark' together with `hyperref' is recommended,
(scrbook)           because of handling of possible bookmark level gaps.
(scrbook)           You can avoid loading `bookmark' with KOMA-Script option
(scrbook)           `bookmarkpackage=false' before \begin{document} and
(scrbook)           you can avoid this message adding:
(scrbook)             \usepackage{bookmark}
(scrbook)           before \begin{document} on input line 147.

(/usr/local/texlive/2025/texmf-dist/tex/latex/bookmark/bookmark.sty
Package: bookmark 2023-12-10 v1.31 PDF bookmarks (HO)

(/usr/local/texlive/2025/texmf-dist/tex/latex/bookmark/bkm-dvipdfm.def
File: bkm-dvipdfm.def 2023-12-10 v1.31 bookmark driver for dvipdfm (HO)
\BKM@id=\count378
))
(./Mitleid Nein danke.aux)
\openout1 = `"Mitleid Nein danke.aux"'.

LaTeX Font Info:    Checking defaults for OML/cmm/m/it on input line 147.
LaTeX Font Info:    ... okay on input line 147.
LaTeX Font Info:    Checking defaults for OMS/cmsy/m/n on input line 147.
LaTeX Font Info:    ... okay on input line 147.
LaTeX Font Info:    Checking defaults for OT1/cmr/m/n on input line 147.
LaTeX Font Info:    ... okay on input line 147.
LaTeX Font Info:    Checking defaults for T1/cmr/m/n on input line 147.
LaTeX Font Info:    ... okay on input line 147.
LaTeX Font Info:    Checking defaults for TS1/cmr/m/n on input line 147.
LaTeX Font Info:    ... okay on input line 147.
LaTeX Font Info:    Checking defaults for TU/lmr/m/n on input line 147.
LaTeX Font Info:    ... okay on input line 147.
LaTeX Font Info:    Checking defaults for OMX/cmex/m/n on input line 147.
LaTeX Font Info:    ... okay on input line 147.
LaTeX Font Info:    Checking defaults for U/cmr/m/n on input line 147.
LaTeX Font Info:    ... okay on input line 147.
LaTeX Font Info:    Checking defaults for PD1/pdf/m/n on input line 147.
LaTeX Font Info:    ... okay on input line 147.
LaTeX Font Info:    Checking defaults for PU/pdf/m/n on input line 147.
LaTeX Font Info:    ... okay on input line 147.
Package scrbase Info: activating german \partname on input line 147.
Package scrbase Info: activating german \chaptername on input line 147.
Package scrbase Info: activating german \appendixname on input line 147.
Package scrbase Info: activating german \figurename on input line 147.
Package scrbase Info: activating german \tablename on input line 147.
Package scrbase Info: activating german \contentsname on input line 147.
Package scrbase Info: activating german \listfigurename on input line 147.
Package scrbase Info: activating german \listtablename on input line 147.
Package scrbase Info: activating german \bibname on input line 147.
Package scrbase Info: activating german \indexname on input line 147.

*geometry* driver: auto-detecting
*geometry* detected driver: xetex
*geometry* verbose mode - [ preamble ] result:
* driver: xetex
* paper: a4paper
* layout: <same size as paper>
* layoutoffset:(h,v)=(0.0pt,0.0pt)
* modes: twoside 
* h-part:(L,W,R)=(85.35826pt, 455.24411pt, 56.9055pt)
* v-part:(T,H,B)=(99.58464pt, 645.87756pt, 99.58464pt)
* \paperwidth=597.50787pt
* \paperheight=845.04684pt
* \textwidth=455.24411pt
* \textheight=645.87756pt
* \oddsidemargin=13.08827pt
* \evensidemargin=-15.36449pt
* \topmargin=-19.43535pt
* \headheight=21.25pt
* \headsep=42.67912pt
* \topskip=14.0pt
* \footskip=28.45274pt
* \marginparwidth=56.01636pt
* \marginparsep=12.8401pt
* \columnsep=10.0pt
* \skip\footins=12.0pt plus 4.0pt minus 2.0pt
* \hoffset=0.0pt
* \voffset=0.0pt
* \mag=1000
* \@twocolumnfalse
* \@twosidetrue
* \@mparswitchtrue
* \@reversemarginfalse
* (1in=72.27pt=25.4mm, 1cm=28.453pt)


Package fontspec Info: 
(fontspec)             Adjusting the maths setup (use [no-math] to avoid
(fontspec)             this).

\symlegacymaths=\mathgroup4
LaTeX Font Info:    Overwriting symbol font `legacymaths' in version `bold'
(Font)                  OT1/cmr/m/n --> OT1/cmr/bx/n on input line 147.
LaTeX Font Info:    Redeclaring math accent \acute on input line 147.
LaTeX Font Info:    Redeclaring math accent \grave on input line 147.
LaTeX Font Info:    Redeclaring math accent \ddot on input line 147.
LaTeX Font Info:    Redeclaring math accent \tilde on input line 147.
LaTeX Font Info:    Redeclaring math accent \bar on input line 147.
LaTeX Font Info:    Redeclaring math accent \breve on input line 147.
LaTeX Font Info:    Redeclaring math accent \check on input line 147.
LaTeX Font Info:    Redeclaring math accent \hat on input line 147.
LaTeX Font Info:    Redeclaring math accent \dot on input line 147.
LaTeX Font Info:    Redeclaring math accent \mathring on input line 147.
LaTeX Font Info:    Redeclaring math symbol \Gamma on input line 147.
LaTeX Font Info:    Redeclaring math symbol \Delta on input line 147.
LaTeX Font Info:    Redeclaring math symbol \Theta on input line 147.
LaTeX Font Info:    Redeclaring math symbol \Lambda on input line 147.
LaTeX Font Info:    Redeclaring math symbol \Xi on input line 147.
LaTeX Font Info:    Redeclaring math symbol \Pi on input line 147.
LaTeX Font Info:    Redeclaring math symbol \Sigma on input line 147.
LaTeX Font Info:    Redeclaring math symbol \Upsilon on input line 147.
LaTeX Font Info:    Redeclaring math symbol \Phi on input line 147.
LaTeX Font Info:    Redeclaring math symbol \Psi on input line 147.
LaTeX Font Info:    Redeclaring math symbol \Omega on input line 147.
LaTeX Font Info:    Redeclaring math symbol \mathdollar on input line 147.
LaTeX Font Info:    Redeclaring symbol font `operators' on input line 147.
LaTeX Font Info:    Encoding `OT1' has changed to `TU' for symbol font
(Font)              `operators' in the math version `normal' on input line 147.

LaTeX Font Info:    Overwriting symbol font `operators' in version `normal'
(Font)                  OT1/cmr/m/n --> TU/FrutigerLT45Light(0)/m/n on input li
ne 147.
LaTeX Font Info:    Encoding `OT1' has changed to `TU' for symbol font
(Font)              `operators' in the math version `bold' on input line 147.
LaTeX Font Info:    Overwriting symbol font `operators' in version `bold'
(Font)                  OT1/cmr/bx/n --> TU/FrutigerLT45Light(0)/m/n on input l
ine 147.
LaTeX Font Info:    Overwriting symbol font `operators' in version `normal'
(Font)                  TU/FrutigerLT45Light(0)/m/n --> TU/FrutigerLT45Light(0)
/m/n on input line 147.
LaTeX Font Info:    Overwriting math alphabet `\mathit' in version `normal'
(Font)                  OT1/cmr/m/it --> TU/FrutigerLT45Light(0)/m/it on input 
line 147.
LaTeX Font Info:    Overwriting math alphabet `\mathbf' in version `normal'
(Font)                  OT1/cmr/bx/n --> TU/FrutigerLT45Light(0)/b/n on input l
ine 147.
LaTeX Font Info:    Overwriting math alphabet `\mathsf' in version `normal'
(Font)                  OT1/cmss/m/n --> TU/FrutigerLT45Light(0)/m/n on input l
ine 147.
LaTeX Font Info:    Overwriting math alphabet `\mathtt' in version `normal'
(Font)                  OT1/cmtt/m/n --> TU/FrutigerLT45Light(1)/m/n on input l
ine 147.
LaTeX Font Info:    Overwriting symbol font `operators' in version `bold'
(Font)                  TU/FrutigerLT45Light(0)/m/n --> TU/FrutigerLT45Light(0)
/b/n on input line 147.
LaTeX Font Info:    Overwriting math alphabet `\mathit' in version `bold'
(Font)                  OT1/cmr/bx/it --> TU/FrutigerLT45Light(0)/b/it on input
 line 147.
LaTeX Font Info:    Overwriting math alphabet `\mathsf' in version `bold'
(Font)                  OT1/cmss/bx/n --> TU/FrutigerLT45Light(0)/b/n on input 
line 147.
LaTeX Font Info:    Overwriting math alphabet `\mathtt' in version `bold'
(Font)                  OT1/cmtt/m/n --> TU/FrutigerLT45Light(1)/b/n on input l
ine 147.
\c@lstlisting=\count379
Package tocbasic Info: setting babel extension for `lol' on input line 147.
\scr@dte@lstlisting@maxnumwidth=\skip77
Package caption Info: Begin \AtBeginDocument code.
Package caption Info: hyperref package is loaded.
Package caption Info: End \AtBeginDocument code.
Package hyperref Info: Link coloring ON on input line 147.


[1



]

[2


] (./Mitleid Nein danke.toc

[3]

[4]
Overfull \hbox (1.69917pt too wide) detected at line 67
 []\TU/FrutigerLT45Light(0)/m/n/14.4 100
 []


Overfull \hbox (1.69917pt too wide) detected at line 68
 []\TU/FrutigerLT45Light(0)/m/n/14.4 103
 []


Overfull \hbox (1.69917pt too wide) detected at line 69
 \TU/FrutigerLT45Light(0)/b/n/14.4 107
 []


Overfull \hbox (1.69917pt too wide) detected at line 70
 []\TU/FrutigerLT45Light(0)/m/n/14.4 107
 []


Overfull \hbox (1.69917pt too wide) detected at line 71
 []\TU/FrutigerLT45Light(0)/m/n/14.4 108
 []


Overfull \hbox (1.69917pt too wide) detected at line 72
 []\TU/FrutigerLT45Light(0)/m/n/14.4 110
 []


Overfull \hbox (1.69917pt too wide) detected at line 73
 []\TU/FrutigerLT45Light(0)/m/n/14.4 110
 []


Overfull \hbox (1.69917pt too wide) detected at line 74
 []\TU/FrutigerLT45Light(0)/m/n/14.4 113
 []


Overfull \hbox (1.69917pt too wide) detected at line 75
 []\TU/FrutigerLT45Light(0)/m/n/14.4 114
 []


Overfull \hbox (1.69917pt too wide) detected at line 76
 []\TU/FrutigerLT45Light(0)/m/n/14.4 115
 []


Overfull \hbox (1.69917pt too wide) detected at line 77
 []\TU/FrutigerLT45Light(0)/m/n/14.4 117
 []


Overfull \hbox (1.69917pt too wide) detected at line 78
 []\TU/FrutigerLT45Light(0)/m/n/14.4 119
 []


Overfull \hbox (1.69917pt too wide) detected at line 79
 []\TU/FrutigerLT45Light(0)/m/n/14.4 120
 []


Overfull \hbox (1.69917pt too wide) detected at line 80
 []\TU/FrutigerLT45Light(0)/m/n/14.4 120
 []


Overfull \hbox (1.69917pt too wide) detected at line 81
 []\TU/FrutigerLT45Light(0)/m/n/14.4 121
 []


Overfull \hbox (1.69917pt too wide) detected at line 82
 []\TU/FrutigerLT45Light(0)/m/n/14.4 122
 []



[5]
Overfull \hbox (1.69917pt too wide) detected at line 83
 []\TU/FrutigerLT45Light(0)/m/n/14.4 124
 []


Overfull \hbox (1.69917pt too wide) detected at line 84
 []\TU/FrutigerLT45Light(0)/m/n/14.4 129
 []


Overfull \hbox (1.69917pt too wide) detected at line 85
 []\TU/FrutigerLT45Light(0)/m/n/14.4 132
 []


Overfull \hbox (1.69917pt too wide) detected at line 86
 []\TU/FrutigerLT45Light(0)/m/n/14.4 132
 []


Overfull \hbox (1.69917pt too wide) detected at line 87
 []\TU/FrutigerLT45Light(0)/m/n/14.4 133
 []


Overfull \hbox (1.69917pt too wide) detected at line 88
 []\TU/FrutigerLT45Light(0)/m/n/14.4 133
 []


Overfull \hbox (1.69917pt too wide) detected at line 89
 []\TU/FrutigerLT45Light(0)/m/n/14.4 133
 []


Overfull \hbox (1.69917pt too wide) detected at line 90
 []\TU/FrutigerLT45Light(0)/m/n/14.4 134
 []


Overfull \hbox (1.69917pt too wide) detected at line 91
 []\TU/FrutigerLT45Light(0)/m/n/14.4 136
 []


Overfull \hbox (1.69917pt too wide) detected at line 92
 []\TU/FrutigerLT45Light(0)/m/n/14.4 138
 []


Overfull \hbox (1.69917pt too wide) detected at line 93
 []\TU/FrutigerLT45Light(0)/m/n/14.4 139
 []


Overfull \hbox (1.69917pt too wide) detected at line 94
 []\TU/FrutigerLT45Light(0)/m/n/14.4 140
 []


Overfull \hbox (1.69917pt too wide) detected at line 95
 []\TU/FrutigerLT45Light(0)/m/n/14.4 141
 []


Overfull \hbox (1.69917pt too wide) detected at line 96
 []\TU/FrutigerLT45Light(0)/m/n/14.4 142
 []


Overfull \hbox (1.69917pt too wide) detected at line 97
 []\TU/FrutigerLT45Light(0)/m/n/14.4 142
 []


Overfull \hbox (1.69917pt too wide) detected at line 98
 []\TU/FrutigerLT45Light(0)/m/n/14.4 142
 []


Overfull \hbox (1.69917pt too wide) detected at line 99
 []\TU/FrutigerLT45Light(0)/m/n/14.4 143
 []


Overfull \hbox (1.69917pt too wide) detected at line 100
 []\TU/FrutigerLT45Light(0)/m/n/14.4 144
 []


Overfull \hbox (1.69917pt too wide) detected at line 101
 []\TU/FrutigerLT45Light(0)/m/n/14.4 144
 []


Overfull \hbox (1.69917pt too wide) detected at line 102
 \TU/FrutigerLT45Light(0)/b/n/14.4 147
 []

)
\tf@toc=\write4
\openout4 = `"Mitleid Nein danke.toc"'.



[6]
chapter without number


[7



]

[8


]
chapter without number


[9]
File: Fotos/ChristophMariaHerbst.jpg Graphic file (type bmp)
<Fotos/ChristophMariaHerbst.jpg>


[10]
chapter without number


[11


]
File: Fotos/marius_skaliert.jpg Graphic file (type bmp)
<Fotos/marius_skaliert.jpg>


[12]
chapter without number

LaTeX Font Warning: Font shape `TU/FrutigerLT45Light(0)/m/sc' undefined
(Font)              using `TU/FrutigerLT45Light(0)/m/n' instead on input line 2
55.



[1




]
File: Fotos/grevenbroich.jpg Graphic file (type bmp)
<Fotos/grevenbroich.jpg>


[2]
File: Fotos/marius_und_rudi.jpg Graphic file (type bmp)
<Fotos/marius_und_rudi.jpg>


[3]

[4]

[5]
File: Fotos/gowers-manver.jpg Graphic file (type bmp)
<Fotos/gowers-manver.jpg>


[6]

[7]
Overfull \hbox (2.18938pt too wide) in paragraph at lines 331--332
\TU/FrutigerLT45Light(0)/m/n/14.4 satz zu versuchen. Bei der Vojta-Therapie sol
len Bewegungsstrungen durch
 []



[8]

[9]

[10]

[11]
File: Fotos/zeitungsausschnitte.jpg Graphic file (type bmp)
<Fotos/zeitungsausschnitte.jpg>


[12]

[13]

[14]

[15]

[16]

[17]
File: Fotos/artillerie.jpg Graphic file (type bmp)
<Fotos/artillerie.jpg>


[18]
Overfull \hbox (2.68054pt too wide) in paragraph at lines 478--479
\TU/FrutigerLT45Light(0)/m/n/14.4 riesigen Khltrmen kondensieren kilometerhoh
e Wasserdampf-Schwaden,
 []



[19]

[20]

[21]
File: Fotos/baugrube.jpg Graphic file (type bmp)
<Fotos/baugrube.jpg>


[22]

[23]

[24]
chapter without number


[25


]

[26]
File: Fotos/grundschule_01.jpg Graphic file (type bmp)
<Fotos/grundschule_01.jpg>


[27]

[28]

[29]
Overfull \hbox (1.59581pt too wide) in paragraph at lines 564--565
[]\TU/FrutigerLT45Light(0)/m/n/14.4 Im vierten und letzten Grundschuljahr ging 
die alljhrliche Klassenfahrt dann
 []

File: Fotos/grundschule_02.jpg Graphic file (type bmp)
<Fotos/grundschule_02.jpg>


[30]

[31]
File: Fotos/bundesjugendspiele.jpg Graphic file (type bmp)
<Fotos/bundesjugendspiele.jpg>


[32]

[33]

[34]

[35]
Overfull \hbox (8.12692pt too wide) in paragraph at lines 641--642
\TU/FrutigerLT45Light(0)/m/n/14.4 bildungsordnung fr Sonderpdagogische Frder
ung nachweisen. Das heit,
 []



[36]
Overfull \hbox (6.72833pt too wide) in paragraph at lines 679--680
\TU/FrutigerLT45Light(0)/m/n/14.4 perlichen Behinderungen oder psychischen Erkr
ankungen ist, bedeutet nicht,
 []



[37]

[38]

[39]

[40]

[41]

[42]
File: Fotos/evangelisches_pfarrzentrum.jpg Graphic file (type bmp)
<Fotos/evangelisches_pfarrzentrum.jpg>


[43]
File: Fotos/katholisches_pfarrzentrum.jpg Graphic file (type bmp)
<Fotos/katholisches_pfarrzentrum.jpg>


[44]

[45]

[46]

[47]

[48]

[49]

[50


]
chapter without number


[51]
File: Fotos/haus_in_hormersdorf.jpg Graphic file (type bmp)
<Fotos/haus_in_hormersdorf.jpg>


[52]

[53]
File: Fotos/hormersdorf_collection.jpg Graphic file (type bmp)
<Fotos/hormersdorf_collection.jpg>


[54]

[55]
File: Fotos/zeltgemeinschaft_kinderpyramide.jpg Graphic file (type bmp)
<Fotos/zeltgemeinschaft_kinderpyramide.jpg>


[56]

[57]
File: Fotos/zeltgemeinschaft_collection.jpg Graphic file (type bmp)
<Fotos/zeltgemeinschaft_collection.jpg>


[58]

[59]

[60]

[61]

[62]
File: Fotos/kiez.jpg Graphic file (type bmp)
<Fotos/kiez.jpg>


[63]

[64]

[65]

[66]

[67]

[68] [69] [70] [71] [72] [73] [74] [75]
File: Fotos/new_york_collection.jpg Graphic file (type bmp)
<Fotos/new_york_collection.jpg>


LaTeX Warning: Float too large for page by 92.17432pt on input line 1106.



[76]

[77]

[78


]
chapter without number
File: Fotos/Cicely Saunders.jpg Graphic file (type bmp)
<Fotos/Cicely Saunders.jpg>


[79]

[80]

[81]

[82]
File: Fotos/willkommen_marius.jpg Graphic file (type bmp)
<Fotos/willkommen_marius.jpg>


[83]
File: Fotos/leben_lachen_sterben_trauern.jpg Graphic file (type bmp)
<Fotos/leben_lachen_sterben_trauern.jpg>


[84]

[85]
File: Fotos/spuren_hinterlassen.jpg Graphic file (type bmp)
<Fotos/spuren_hinterlassen.jpg>


[86]
File: Fotos/snoezelen_raum.jpg Graphic file (type bmp)
<Fotos/snoezelen_raum.jpg>


[87]
File: Fotos/weihnachtskarte.jpg Graphic file (type bmp)
<Fotos/weihnachtskarte.jpg>


[88]
File: Fotos/musikzimmer.jpg Graphic file (type bmp)
<Fotos/musikzimmer.jpg>


[89]

[90]

[91]

[92]
File: Fotos/hockenheim.jpg Graphic file (type bmp)
<Fotos/hockenheim.jpg>


[93]
File: Fotos/lese_und_entspannungszimmer.jpg Graphic file (type bmp)
<Fotos/lese_und_entspannungszimmer.jpg>


[94]

[95]
File: Fotos/zimmer_12.jpg Graphic file (type bmp)
<Fotos/zimmer_12.jpg>


[96]

[97]
File: Fotos/marius_und_peter_im_schwimmbad.jpg Graphic file (type bmp)
<Fotos/marius_und_peter_im_schwimmbad.jpg>


[98]

[99]
File: Fotos/seepferdchen.jpg Graphic file (type bmp)
<Fotos/seepferdchen.jpg>


[100]
File: Fotos/bewegungsraum.jpg Graphic file (type bmp)
<Fotos/bewegungsraum.jpg>


[101]
File: Fotos/raum_der_stille.jpg Graphic file (type bmp)
<Fotos/raum_der_stille.jpg>


[102]

[103]
File: Fotos/marius_im_raum_der_stille.jpg Graphic file (type bmp)
<Fotos/marius_im_raum_der_stille.jpg>


[104]

[105]

[106]
chapter without number

Overfull \hbox (9.39583pt too wide) in paragraph at lines 1461--1462
\TU/FrutigerLT45Light(0)/m/n/14.4 Duchenne Muskeldystrophie (DMD) ist eine gene
tische Erkrankung, die durch
 []


Overfull \hbox (13.07738pt too wide) in paragraph at lines 1461--1462
\TU/FrutigerLT45Light(0)/m/n/14.4 fortschreitenden Muskelschwund gekennzeichnet
 ist und zu einer Verschlech-
 []



[107


]
File: Fotos/x-chromosomal-rezessive-vererbung.jpg Graphic file (type bmp)
<Fotos/x-chromosomal-rezessive-vererbung.jpg>


[108]

[109]

[110]
File: Fotos/erbgut.jpg Graphic file (type bmp)
<Fotos/erbgut.jpg>


[111]

[112]

[113]
Overfull \hbox (5.65793pt too wide) in paragraph at lines 1514--1515
\TU/FrutigerLT45Light(0)/m/n/14.4 und begleitende Therapien wie Heimbeatmung, d
ie Logopdie fr das Atem-
 []


Overfull \hbox (15.45337pt too wide) in paragraph at lines 1514--1515
\TU/FrutigerLT45Light(0)/m/n/14.4 lichkeit der Gelenke sorgen auch regelmige 
Physiotherapie-Sitzungen (zwei-
 []



[114]

[115]
File: Fotos/befund_orthopdie.jpg Graphic file (type bmp)
<Fotos/befund_orthopdie.jpg>


[116]

[117]
File: Fotos/befund_humangenetik.jpg Graphic file (type bmp)
<Fotos/befund_humangenetik.jpg>


[118]

[119]

[120]

[121]

[122]

[123]
Overfull \hbox (3.20862pt too wide) in paragraph at lines 1609--1610
[]\TU/FrutigerLT45Light(0)/m/n/14.4 Bei einer zunehmenden Skoliose kommt es zu 
einer unvermeidbaren Schrg-
 []


Overfull \hbox (9.34615pt too wide) in paragraph at lines 1609--1610
\TU/FrutigerLT45Light(0)/m/n/14.4 stellung des Beckens. Diese Schrgstellung f
hrt zu schmerzhaften Beschwer-
 []



[124]
File: Fotos/wirbelsulenversteifung.jpg Graphic file (type bmp)
<Fotos/wirbelsulenversteifung.jpg>


[125]

[126]
File: Fotos/skoliose_op_burger.jpg Graphic file (type bmp)
<Fotos/skoliose_op_burger.jpg>


[127]
File: Fotos/skoliose_op_ vorher_nachher.jpg Graphic file (type bmp)
<Fotos/skoliose_op_ vorher_nachher.jpg>


[128]
Overfull \hbox (23.81015pt too wide) in paragraph at lines 1655--1656
\TU/FrutigerLT45Light(0)/m/n/14.4 Deutschen Muskelschwund-Hilfe Hamburg e. V. (
[][]$[][][][][] [] [] [] [][][] [] [][][][][][][][][][][][][] []
 []



[129]

[130]
File: Fotos/marius_patrick_john.jpg Graphic file (type bmp)
<Fotos/marius_patrick_john.jpg>


[131]

[132]

[133]

[134]

[135]

[136]

[137]

[138]

[139]
Overfull \hbox (3.9811pt too wide) in paragraph at lines 1776--1777
\TU/FrutigerLT45Light(0)/m/n/14.4 ne Muskelzelle verwandeln zu knnen, macht St
ammzellen bzw. die Stamm-
 []



[140]

[141]

[142]
Overfull \hbox (2.42453pt too wide) in paragraph at lines 1806--1807
\TU/FrutigerLT45Light(0)/m/n/14.4 reduzieren. Beispielsweise knnen sogenannte 
Kalziumkanalblocker wie Dil-
 []



[143]
Overfull \hbox (6.4435pt too wide) in paragraph at lines 1816--1817
\TU/FrutigerLT45Light(0)/m/n/14.4 zndungen beitragen. Eine gestrte Redoxbalan
ce tritt auf, wenn das Gleich-
 []



[144]

[145]

[146


]
chapter without number


[147]
Overfull \hbox (0.29816pt too wide) in paragraph at lines 1838--1839
[]\TU/FrutigerLT45Light(0)/m/n/14.4 Das genaue Gegenteil beschreibt Marius in d
iesem Buch. Dieses Buch strotzt
 []


Underfull \hbox (badness 10000) in paragraph at lines 1843--1844

 []


Underfull \hbox (badness 10000) in paragraph at lines 1845--1847

 []



[148] (./Mitleid Nein danke.aux)
 ***********
LaTeX2e <2025-06-01> patch level 1
L3 programming layer <2025-10-09>
 ***********


LaTeX Font Warning: Some font shapes were not available, defaults substituted.

 ) 
Here is how much of TeX's memory you used:
 37194 strings out of 468388
 840071 string characters out of 5440602
 1541114 words of memory out of 5000000
 65126 multiletter control sequences out of 15000+600000
 633330 words of font info for 90 fonts, out of 8000000 for 9000
 1353 hyphenation exceptions out of 8191
 124i,21n,121p,11219b,1022s stack positions out of 10000i,1000n,20000p,200000b,200000s

Output written on Mitleid Nein danke.pdf (160 pages).
